0 info it worked if it ends with ok
1 verbose cli [ '/Users/adamsben/.nvm/versions/node/v6.3.1/bin/node',
1 verbose cli   '/Users/adamsben/.nvm/versions/node/v6.3.1/bin/npm',
1 verbose cli   'install',
1 verbose cli   'handlebars',
1 verbose cli   '–save' ]
2 info using npm@3.10.3
3 info using node@v6.3.1
4 silly loadCurrentTree Starting
5 silly install loadCurrentTree
6 silly install readLocalPackageData
7 silly fetchPackageMetaData handlebars
8 silly fetchPackageMetaData –save
9 silly fetchNamedPackageData handlebars
10 silly mapToRegistry name handlebars
11 silly mapToRegistry using default registry
12 silly mapToRegistry registry https://registry.npmjs.org/
13 silly mapToRegistry data Result {
13 silly mapToRegistry   raw: 'handlebars',
13 silly mapToRegistry   scope: null,
13 silly mapToRegistry   escapedName: 'handlebars',
13 silly mapToRegistry   name: 'handlebars',
13 silly mapToRegistry   rawSpec: '',
13 silly mapToRegistry   spec: 'latest',
13 silly mapToRegistry   type: 'tag' }
14 silly mapToRegistry uri https://registry.npmjs.org/handlebars
15 silly fetchOtherPackageData –save
16 silly cache add args [ '–save', null ]
17 verbose cache add spec –save
18 silly cache add parsed spec Result {
18 silly cache add   raw: '–save',
18 silly cache add   scope: null,
18 silly cache add   escapedName: null,
18 silly cache add   name: null,
18 silly cache add   rawSpec: '–save',
18 silly cache add   spec: '/Users/adamsben/Documents/dotastalk/–save',
18 silly cache add   type: 'local' }
19 error addLocal Could not install /Users/adamsben/Documents/dotastalk/–save
20 silly fetchPackageMetaData Error: ENOENT: no such file or directory, open '/Users/adamsben/Documents/dotastalk/–save'
20 silly fetchPackageMetaData     at Error (native)
20 silly fetchPackageMetaData  error for –save { Error: ENOENT: no such file or directory, open '/Users/adamsben/Documents/dotastalk/–save'
20 silly fetchPackageMetaData     at Error (native)
20 silly fetchPackageMetaData   errno: -2,
20 silly fetchPackageMetaData   code: 'ENOENT',
20 silly fetchPackageMetaData   syscall: 'open',
20 silly fetchPackageMetaData   path: '/Users/adamsben/Documents/dotastalk/–save' }
21 verbose request uri https://registry.npmjs.org/handlebars
22 verbose request no auth needed
23 info attempt registry request try #1 at 1:28:14 PM
24 verbose request id 35e305b56ac8dae5
25 verbose etag W/"58efb075-fd1b"
26 verbose lastModified Thu, 13 Apr 2017 17:08:05 GMT
27 http request GET https://registry.npmjs.org/handlebars
28 info retry will retry, error on last attempt: TypeError: The header content contains invalid characters
29 info attempt registry request try #2 at 1:28:24 PM
30 verbose etag W/"58efb075-fd1b"
31 verbose lastModified Thu, 13 Apr 2017 17:08:05 GMT
32 http request GET https://registry.npmjs.org/handlebars
33 info retry will retry, error on last attempt: TypeError: The header content contains invalid characters
34 info attempt registry request try #3 at 1:29:24 PM
35 verbose etag W/"58efb075-fd1b"
36 verbose lastModified Thu, 13 Apr 2017 17:08:05 GMT
37 http request GET https://registry.npmjs.org/handlebars
38 silly get cb [ 304, undefined ]
39 verbose etag https://registry.npmjs.org/handlebars from cache
40 verbose get saving handlebars to /Users/adamsben/.npm/registry.npmjs.org/handlebars/.cache.json
41 verbose correctMkdir /Users/adamsben/.npm correctMkdir not in flight; initializing
42 silly rollbackFailedOptional Starting
43 silly rollbackFailedOptional Finishing
44 silly runTopLevelLifecycles Starting
45 silly runTopLevelLifecycles Finishing
46 silly install printInstalled
47 verbose stack Error: ENOENT: no such file or directory, open '/Users/adamsben/Documents/dotastalk/–save'
47 verbose stack     at Error (native)
48 verbose cwd /Users/adamsben/Documents/dotastalk
49 error Darwin 16.7.0
50 error argv "/Users/adamsben/.nvm/versions/node/v6.3.1/bin/node" "/Users/adamsben/.nvm/versions/node/v6.3.1/bin/npm" "install" "handlebars" "–save"
51 error node v6.3.1
52 error npm  v3.10.3
53 error path /Users/adamsben/Documents/dotastalk/–save
54 error code ENOENT
55 error errno -2
56 error syscall open
57 error enoent ENOENT: no such file or directory, open '/Users/adamsben/Documents/dotastalk/–save'
58 error enoent ENOENT: no such file or directory, open '/Users/adamsben/Documents/dotastalk/–save'
58 error enoent This is most likely not a problem with npm itself
58 error enoent and is related to npm not being able to find a file.
59 verbose exit [ -2, true ]
